<?xml version="1.0" encoding="UTF-8"?>
<!-- Generated by org.testng.reporters.JUnitXMLReporter -->
<testsuite ignored="3" hostname="DESKTOP-CT2J5C6" failures="0" tests="3" name="Test_SelectableTests" time="12.866" errors="0" timestamp="2024-12-29T19:37:01 IST">
  <testcase classname="tests_for_interactions.SelectableTests" name="@BeforeTest launchurl" time="12.663">
    <failure type="org.openqa.selenium.SessionNotCreatedException" message="Could not start a new session. Response code 500. Message: session not created: This version of ChromeDriver only supports Chrome version 114
Current browser version is 131.0.6778.205 with binary path C:\Program Files\Google\Chrome\Application\chrome.exe 
Host info: host: &amp;apos;DESKTOP-CT2J5C6&amp;apos;, ip: &amp;apos;192.168.0.115&amp;apos;
Build info: version: &amp;apos;4.8.0&amp;apos;, revision: &amp;apos;267030adea&amp;apos;
System info: os.name: &amp;apos;Windows 10&amp;apos;, os.arch: &amp;apos;amd64&amp;apos;, os.version: &amp;apos;10.0&amp;apos;, java.version: &amp;apos;22.0.2&amp;apos;
Driver info: org.openqa.selenium.chrome.ChromeDriver
Command: [null, newSession {capabilities=[Capabilities {browserName: chrome, goog:chromeOptions: {args: [], extensions: []}}], desiredCapabilities=Capabilities {browserName: chrome, goog:chromeOptions: {args: [], extensions: []}}}]">
      <![CDATA[org.openqa.selenium.SessionNotCreatedException: Could not start a new session. Response code 500. Message: session not created: This version of ChromeDriver only supports Chrome version 114
Current browser version is 131.0.6778.205 with binary path C:\Program Files\Google\Chrome\Application\chrome.exe 
Host info: host: 'DESKTOP-CT2J5C6', ip: '192.168.0.115'
Build info: version: '4.8.0', revision: '267030adea'
System info: os.name: 'Windows 10', os.arch: 'amd64', os.version: '10.0', java.version: '22.0.2'
Driver info: org.openqa.selenium.chrome.ChromeDriver
Command: [null, newSession {capabilities=[Capabilities {browserName: chrome, goog:chromeOptions: {args: [], extensions: []}}], desiredCapabilities=Capabilities {browserName: chrome, goog:chromeOptions: {args: [], extensions: []}}}]
at org.openqa.selenium.remote.ProtocolHandshake.createSession(ProtocolHandshake.java:148)
at org.openqa.selenium.remote.ProtocolHandshake.createSession(ProtocolHandshake.java:106)
at org.openqa.selenium.remote.ProtocolHandshake.createSession(ProtocolHandshake.java:67)
at org.openqa.selenium.remote.HttpCommandExecutor.execute(HttpCommandExecutor.java:156)
at org.openqa.selenium.remote.service.DriverCommandExecutor.invokeExecute(DriverCommandExecutor.java:167)
at org.openqa.selenium.remote.service.DriverCommandExecutor.execute(DriverCommandExecutor.java:142)
at org.openqa.selenium.remote.RemoteWebDriver.execute(RemoteWebDriver.java:543)
at org.openqa.selenium.remote.RemoteWebDriver.startSession(RemoteWebDriver.java:229)
at org.openqa.selenium.remote.RemoteWebDriver.<init>(RemoteWebDriver.java:157)
at org.openqa.selenium.chromium.ChromiumDriver.<init>(ChromiumDriver.java:101)
at org.openqa.selenium.chrome.ChromeDriver.<init>(ChromeDriver.java:82)
at org.openqa.selenium.chrome.ChromeDriver.<init>(ChromeDriver.java:50)
at baseLibrary.Library_For_Alert_Windows_Frames.launchUrl(Library_For_Alert_Windows_Frames.java:45)
at tests_for_interactions.SelectableTests.launchurl(SelectableTests.java:19)
... Removed 26 stack frames]]>
    </failure>
  </testcase> <!-- @BeforeTest launchurl -->
  <testcase classname="tests_for_interactions.SelectableTests" name="clickoninteractions" time="0.001">
    <skipped/>
  </testcase> <!-- clickoninteractions -->
  <testcase classname="tests_for_interactions.SelectableTests" name="clickonselectable" time="0.0">
    <skipped/>
  </testcase> <!-- clickonselectable -->
  <testcase classname="tests_for_interactions.SelectableTests" name="selectoptionnormally" time="0.0">
    <skipped/>
  </testcase> <!-- selectoptionnormally -->
  <testcase classname="tests_for_interactions.SelectableTests" name="selectoneoptionbyattribute" time="0.0">
    <ignored/>
  </testcase> <!-- selectoneoptionbyattribute -->
  <testcase classname="tests_for_interactions.SelectableTests" name="selectoptionthroughstatechange" time="0.0">
    <ignored/>
  </testcase> <!-- selectoptionthroughstatechange -->
  <testcase classname="tests_for_interactions.SelectableTests" name="selectoptionbycss" time="0.0">
    <ignored/>
  </testcase> <!-- selectoptionbycss -->
</testsuite> <!-- Test_SelectableTests -->
